<?xml version="1.0" encoding="UTF-8"?>
<!-- Generated by org.testng.reporters.JUnitXMLReporter -->
<testsuite ignored="1" hostname="LAPTOP-9CFH4KV2" failures="0" tests="1" name="Default test" time="55.186" errors="0" timestamp="2022-08-29T11:36:07 IST">
  <testcase classname="com.test.SwiggyApp" name="validate_IncorrectLogin" time="24.244"/>
  <testcase classname="com.test.SwiggyApp" name="SearchFood_AddtoCart" time="0.0">
    <ignored/>
  </testcase> <!-- SearchFood_AddtoCart -->
</testsuite> <!-- Default test -->
