<?xml version="1.0" encoding="UTF-8"?>
<testng-results ignored="0" total="2" passed="2" failed="0" skipped="0">
  <reporter-output>
  </reporter-output>
  <suite started-at="2022-08-29T11:52:22 IST" name="Suite" finished-at="2022-08-29T11:54:12 IST" duration-ms="109649">
    <groups>
    </groups>
    <test started-at="2022-08-29T11:52:22 IST" name="Test" finished-at="2022-08-29T11:54:12 IST" duration-ms="109649">
      <class name="com.test.SwiggyApp">
        <test-method is-config="true" signature="setUp()[pri:0, instance:com.test.SwiggyApp@483f6d77]" started-at="2022-08-29T11:52:22 IST" name="setUp" finished-at="2022-08-29T11:52:49 IST" duration-ms="27284" status="PASS">
          <reporter-output>
          </reporter-output>
        </test-method> <!-- setUp -->
        <test-method signature="SearchFood_AddtoCart()[pri:0, instance:com.test.SwiggyApp@483f6d77]" started-at="2022-08-29T11:52:49 IST" name="SearchFood_AddtoCart" finished-at="2022-08-29T11:53:18 IST" duration-ms="28529" status="PASS">
          <reporter-output>
          </reporter-output>
        </test-method> <!-- SearchFood_AddtoCart -->
        <test-method is-config="true" signature="tearDown()[pri:0, instance:com.test.SwiggyApp@483f6d77]" started-at="2022-08-29T11:53:18 IST" name="tearDown" finished-at="2022-08-29T11:53:19 IST" duration-ms="1466" status="PASS">
          <reporter-output>
          </reporter-output>
        </test-method> <!-- tearDown -->
        <test-method is-config="true" signature="setUp()[pri:0, instance:com.test.SwiggyApp@483f6d77]" started-at="2022-08-29T11:53:19 IST" name="setUp" finished-at="2022-08-29T11:53:47 IST" duration-ms="27926" status="PASS">
          <reporter-output>
          </reporter-output>
        </test-method> <!-- setUp -->
        <test-method signature="validate_IncorrectLogin()[pri:0, instance:com.test.SwiggyApp@483f6d77]" started-at="2022-08-29T11:53:47 IST" name="validate_IncorrectLogin" finished-at="2022-08-29T11:54:11 IST" duration-ms="23276" status="PASS">
          <reporter-output>
          </reporter-output>
        </test-method> <!-- validate_IncorrectLogin -->
        <test-method is-config="true" signature="tearDown()[pri:0, instance:com.test.SwiggyApp@483f6d77]" started-at="2022-08-29T11:54:11 IST" name="tearDown" finished-at="2022-08-29T11:54:12 IST" duration-ms="1097" status="PASS">
          <reporter-output>
          </reporter-output>
        </test-method> <!-- tearDown -->
      </class> <!-- com.test.SwiggyApp -->
    </test> <!-- Test -->
  </suite> <!-- Suite -->
</testng-results>
